<?xml version="1.0" encoding="UTF-8"?>
<robot generator="Robot 7.4.2 (Python 3.13.12 on win32)" generated="2026-07-21T13:17:58.353338" rpa="false" schemaversion="5">
<suite id="s1" name="Pagetestlogin" source="C:\Projects\TorontoCollege-IIBS\saucedemo-automation\tests\pagetestlogin.robot">
<test id="s1-t1" name="Load SauceDemo Homepage" line="7">
<kw name="New Browser" owner="Browser">
<msg time="2026-07-21T13:18:00.118144" level="INFO">{"browser": "chromium", "headless": false, "chromiumSandbox": false, "devtools": false, "handleSIGHUP": true, "handleSIGINT": true, "handleSIGTERM": true, "slowMo": 0.0, "timeout": 30000.0, "tracesDir": "C:\\Projects\\TorontoCollege-IIBS\\saucedemo-automation\\browser\\traces\\temp\\e35ce2e4-0431-40a7-8d18-bc2bad5ec389"}</msg>
<msg time="2026-07-21T13:18:01.424076" level="INFO">Starting Browser process C:\Users\leyeb\AppData\Local\Programs\Python\Python313\Lib\site-packages\Browser\wrapper\index.js using at 127.0.0.1:57438</msg>
<msg time="2026-07-21T13:18:04.019892" level="INFO">Successfully created browser with options: {"browser":"chromium","headless":false,"chromiumSandbox":false,"devtools":false,"handleSIGHUP":true,"handleSIGINT":true,"handleSIGTERM":true,"slowMo":0,"timeout":30000,"tracesDir":"C:\\Projects\\TorontoCollege-IIBS\\saucedemo-automation\\browser\\traces\\temp\\e35ce2e4-0431-40a7-8d18-bc2bad5ec389"}</msg>
<arg>chromium</arg>
<arg>headless=False</arg>
<tag>BrowserControl</tag>
<tag>Setter</tag>
<doc>Create a new playwright Browser with specified options.</doc>
<status status="PASS" start="2026-07-21T13:18:00.116473" elapsed="3.903686"/>
</kw>
<kw name="New Page" owner="Browser">
<msg time="2026-07-21T13:18:04.828811" level="INFO">Successfully initialized new page object and opened url: https://www.saucedemo.com</msg>
<msg time="2026-07-21T13:18:04.828975" level="INFO">No context was open. New context was automatically opened when this page is created.</msg>
<arg>https://www.saucedemo.com</arg>
<tag>BrowserControl</tag>
<tag>Setter</tag>
<doc>Open a new Page.</doc>
<status status="PASS" start="2026-07-21T13:18:04.024797" elapsed="0.804450"/>
</kw>
<kw name="Sleep" owner="BuiltIn">
<msg time="2026-07-21T13:18:06.830709" level="INFO">Slept 2 seconds.</msg>
<arg>2s</arg>
<doc>Pauses the test executed for the given time.</doc>
<status status="PASS" start="2026-07-21T13:18:04.829790" elapsed="2.001101"/>
</kw>
<kw name="Login To SauceDemo" owner="LoginPage">
<kw name="Enter Username" owner="LoginPage">
<kw name="Fill Text" owner="Browser">
<msg time="2026-07-21T13:18:06.834546" level="INFO">Fills the text 'standard_user' in the given field.</msg>
<arg>${USERNAME_INPUT}</arg>
<arg>${username}</arg>
<tag>PageContent</tag>
<tag>Setter</tag>
<doc>Clears and fills the given ``txt`` into the text field found by ``selector``.</doc>
<status status="PASS" start="2026-07-21T13:18:06.833435" elapsed="0.076761"/>
</kw>
<arg>${username}</arg>
<status status="PASS" start="2026-07-21T13:18:06.832624" elapsed="0.077981"/>
</kw>
<kw name="Enter Password" owner="LoginPage">
<kw name="Fill Text" owner="Browser">
<msg time="2026-07-21T13:18:06.913409" level="INFO">Fills the text 'secret_sauce' in the given field.</msg>
<arg>${PASSWORD_INPUT}</arg>
<arg>${password}</arg>
<tag>PageContent</tag>
<tag>Setter</tag>
<doc>Clears and fills the given ``txt`` into the text field found by ``selector``.</doc>
<status status="PASS" start="2026-07-21T13:18:06.912073" elapsed="0.025132"/>
</kw>
<arg>${password}</arg>
<status status="PASS" start="2026-07-21T13:18:06.911037" elapsed="0.026392"/>
</kw>
<kw name="Click Login Button" owner="LoginPage">
<kw name="Click" owner="Browser">
<msg time="2026-07-21T13:18:06.939298" level="INFO">Clicks the element 'id=login-button'.</msg>
<arg>${LOGIN_BUTTON}</arg>
<tag>PageContent</tag>
<tag>Setter</tag>
<doc>Simulates mouse click on the element found by ``selector``.</doc>
<status status="PASS" start="2026-07-21T13:18:06.938332" elapsed="0.143056"/>
</kw>
<status status="PASS" start="2026-07-21T13:18:06.937703" elapsed="0.143960"/>
</kw>
<arg>standard_user</arg>
<arg>secret_sauce</arg>
<status status="PASS" start="2026-07-21T13:18:06.831585" elapsed="0.250255"/>
</kw>
<kw name="Verify Inventory Page Is Displayed" owner="InventoryPage">
<kw name="Get Url" owner="Browser">
<arg>contains</arg>
<arg>inventory.html</arg>
<tag>Assertion</tag>
<tag>Getter</tag>
<tag>PageContent</tag>
<doc>Returns the current URL.</doc>
<status status="PASS" start="2026-07-21T13:18:07.083036" elapsed="0.006672"/>
</kw>
<kw name="Get Text" owner="Browser">
<msg time="2026-07-21T13:18:07.190886" level="INFO">Text: ['Products']</msg>
<arg>${INVENTORY_TITLE}</arg>
<arg>==</arg>
<arg>Products</arg>
<tag>Assertion</tag>
<tag>Getter</tag>
<tag>PageContent</tag>
<doc>Returns text attribute of the element found by ``selector``.</doc>
<status status="PASS" start="2026-07-21T13:18:07.090143" elapsed="0.100990"/>
</kw>
<status status="PASS" start="2026-07-21T13:18:07.082427" elapsed="0.108934"/>
</kw>
<kw name="Close Browser" owner="Browser">
<msg time="2026-07-21T13:18:07.709612" level="INFO">Closed browser</msg>
<tag>BrowserControl</tag>
<tag>Setter</tag>
<doc>Closes the current browser.</doc>
<status status="PASS" start="2026-07-21T13:18:07.191843" elapsed="0.517998"/>
</kw>
<status status="PASS" start="2026-07-21T13:18:00.115281" elapsed="7.595019"/>
</test>
<status status="PASS" start="2026-07-21T13:17:58.354996" elapsed="9.370944"/>
</suite>
<statistics>
<total>
<stat pass="1" fail="0" skip="0">All Tests</stat>
</total>
<tag>
</tag>
<suite>
<stat name="Pagetestlogin" id="s1" pass="1" fail="0" skip="0">Pagetestlogin</stat>
</suite>
</statistics>
<errors>
</errors>
</robot>
