<?xml version="1.0" encoding="UTF-8"?>
<robot generator="Robot 7.4.2 (Python 3.13.12 on win32)" generated="2026-07-18T10:16:14.409792" rpa="false" schemaversion="5">
<suite id="s1" name="Pagetestlogin" source="C:\Projects\TorontoCollege-IIBS\saucedemo-automation\tests\pagetestlogin.robot">
<test id="s1-t1" name="Load SauceDemo Homepage" line="7">
<kw name="New Browser" owner="Browser">
<msg time="2026-07-18T10:16:14.840158" level="INFO">{"browser": "chromium", "headless": false, "chromiumSandbox": false, "devtools": false, "handleSIGHUP": true, "handleSIGINT": true, "handleSIGTERM": true, "slowMo": 0.0, "timeout": 30000.0, "tracesDir": "C:\\Projects\\TorontoCollege-IIBS\\saucedemo-automation\\browser\\traces\\temp\\7c316d01-7ee6-4b8c-8cfc-31c9aa4fdceb"}</msg>
<msg time="2026-07-18T10:16:14.900861" level="INFO">Starting Browser process C:\Users\leyeb\AppData\Local\Programs\Python\Python313\Lib\site-packages\Browser\wrapper\index.js using at 127.0.0.1:62299</msg>
<msg time="2026-07-18T10:16:17.232792" level="INFO">Successfully created browser with options: {"browser":"chromium","headless":false,"chromiumSandbox":false,"devtools":false,"handleSIGHUP":true,"handleSIGINT":true,"handleSIGTERM":true,"slowMo":0,"timeout":30000,"tracesDir":"C:\\Projects\\TorontoCollege-IIBS\\saucedemo-automation\\browser\\traces\\temp\\7c316d01-7ee6-4b8c-8cfc-31c9aa4fdceb"}</msg>
<arg>chromium</arg>
<arg>headless=False</arg>
<tag>BrowserControl</tag>
<tag>Setter</tag>
<doc>Create a new playwright Browser with specified options.</doc>
<status status="PASS" start="2026-07-18T10:16:14.838618" elapsed="2.394781"/>
</kw>
<kw name="New Page" owner="Browser">
<msg time="2026-07-18T10:16:18.611526" level="INFO">Successfully initialized new page object and opened url: https://www.saucedemo.com</msg>
<msg time="2026-07-18T10:16:18.611694" level="INFO">No context was open. New context was automatically opened when this page is created.</msg>
<arg>https://www.saucedemo.com</arg>
<tag>BrowserControl</tag>
<tag>Setter</tag>
<doc>Open a new Page.</doc>
<status status="PASS" start="2026-07-18T10:16:17.235118" elapsed="1.376993"/>
</kw>
<kw name="Sleep" owner="BuiltIn">
<msg time="2026-07-18T10:16:20.615220" level="INFO">Slept 2 seconds.</msg>
<arg>2s</arg>
<doc>Pauses the test executed for the given time.</doc>
<status status="PASS" start="2026-07-18T10:16:18.613318" elapsed="2.002083"/>
</kw>
<kw name="Login To SauceDemo" owner="LoginPage">
<kw name="Enter Username" owner="LoginPage">
<kw name="Fill Text" owner="Browser">
<msg time="2026-07-18T10:16:20.617750" level="INFO">Fills the text 'standard_user' in the given field.</msg>
<arg>${USERNAME_INPUT}</arg>
<arg>${username}</arg>
<tag>PageContent</tag>
<tag>Setter</tag>
<doc>Clears and fills the given ``txt`` into the text field found by ``selector``.</doc>
<status status="PASS" start="2026-07-18T10:16:20.617086" elapsed="0.063397"/>
</kw>
<arg>${username}</arg>
<status status="PASS" start="2026-07-18T10:16:20.616653" elapsed="0.064161"/>
</kw>
<kw name="Enter Password" owner="LoginPage">
<kw name="Fill Text" owner="Browser">
<msg time="2026-07-18T10:16:20.684529" level="INFO">Fills the text 'secret_sauce' in the given field.</msg>
<arg>${PASSWORD_INPUT}</arg>
<arg>${password}</arg>
<tag>PageContent</tag>
<tag>Setter</tag>
<doc>Clears and fills the given ``txt`` into the text field found by ``selector``.</doc>
<status status="PASS" start="2026-07-18T10:16:20.682753" elapsed="0.057471"/>
</kw>
<arg>${password}</arg>
<status status="PASS" start="2026-07-18T10:16:20.681369" elapsed="0.059452"/>
</kw>
<kw name="Click Login Button" owner="LoginPage">
<kw name="Click" owner="Browser">
<msg time="2026-07-18T10:16:20.746812" level="INFO">Clicks the element 'id=login-button'.</msg>
<arg>${LOGIN_BUTTON}</arg>
<tag>PageContent</tag>
<tag>Setter</tag>
<doc>Simulates mouse click on the element found by ``selector``.</doc>
<status status="PASS" start="2026-07-18T10:16:20.742715" elapsed="0.293444"/>
</kw>
<status status="PASS" start="2026-07-18T10:16:20.741381" elapsed="0.295183"/>
</kw>
<arg>standard_user</arg>
<arg>secret_sauce</arg>
<status status="PASS" start="2026-07-18T10:16:20.615957" elapsed="0.420857"/>
</kw>
<kw name="Verify Inventory Page Is Displayed" owner="InventoryPage">
<kw name="Get Url" owner="Browser">
<arg>contains</arg>
<arg>inventory.html</arg>
<tag>Assertion</tag>
<tag>Getter</tag>
<tag>PageContent</tag>
<doc>Returns the current URL.</doc>
<status status="PASS" start="2026-07-18T10:16:21.040826" elapsed="0.024606"/>
</kw>
<kw name="Get Text" owner="Browser">
<msg time="2026-07-18T10:16:21.197737" level="INFO">Text: ['Products']</msg>
<arg>${INVENTORY_TITLE}</arg>
<arg>==</arg>
<arg>Products</arg>
<tag>Assertion</tag>
<tag>Getter</tag>
<tag>PageContent</tag>
<doc>Returns text attribute of the element found by ``selector``.</doc>
<status status="PASS" start="2026-07-18T10:16:21.066012" elapsed="0.132847"/>
</kw>
<status status="PASS" start="2026-07-18T10:16:21.039400" elapsed="0.159905"/>
</kw>
<kw name="Close Browser" owner="Browser">
<msg time="2026-07-18T10:16:22.184086" level="INFO">Closed browser</msg>
<tag>BrowserControl</tag>
<tag>Setter</tag>
<doc>Closes the current browser.</doc>
<status status="PASS" start="2026-07-18T10:16:21.213620" elapsed="0.970770"/>
</kw>
<status status="PASS" start="2026-07-18T10:16:14.836958" elapsed="7.348113"/>
</test>
<status status="PASS" start="2026-07-18T10:16:14.412431" elapsed="7.800221"/>
</suite>
<statistics>
<total>
<stat pass="1" fail="0" skip="0">All Tests</stat>
</total>
<tag>
</tag>
<suite>
<stat name="Pagetestlogin" id="s1" pass="1" fail="0" skip="0">Pagetestlogin</stat>
</suite>
</statistics>
<errors>
</errors>
</robot>
